Drill report for TW39-mit-Powersave.kicad_pcb
Created on 2025-01-17T11:29:21+0100

Copper Layer Stackup:
    =============================================================
    L1 :  F.Cu                      front
    L2 :  B.Cu                      back


Drill file 'TW39-mit-Powersave-PTH.drl' contains
    plated through holes:
    =============================================================
    T1  0,300mm  0,0118"  (2 holes)
    T2  0,400mm  0,0157"  (6 holes)
    T3  0,700mm  0,0276"  (8 holes)
    T4  0,800mm  0,0315"  (41 holes)
    T5  1,000mm  0,0394"  (41 holes)
    T6  1,100mm  0,0433"  (2 holes)
    T7  1,190mm  0,0469"  (13 holes)
    T8  3,200mm  0,1260"  (4 holes)

    Total plated holes count 117


Drill file 'TW39-mit-Powersave-NPTH.drl' contains
    unplated through holes:
    =============================================================

    Total unplated holes count 0
